build/app/intermediates/manifest_merge_blame_file/debug/manifest-merger-blame-debug-report.txt
1<?xml version="1.0" encoding="utf-8"?>
2<manifest xmlns:android="http://schemas.android.com/apk/res/android"
3    package="com.example.engenglish"
4    android:versionCode="1"
5    android:versionName="1.0.0" >
6
7    <uses-sdk
8        android:minSdkVersion="23"
8-->src\main\AndroidManifest.xml
9        android:targetSdkVersion="33" />
9-->src\main\AndroidManifest.xml
10
11    <uses-permission android:name="android.permission.INTERNET" />
11-->src\main\AndroidManifest.xml:3:5-67
11-->src\main\AndroidManifest.xml:3:22-64
12    <uses-permission android:name="android.permission.WRITE_EXTERNAL_STORAGE" />
12-->src\main\AndroidManifest.xml:4:5-81
12-->src\main\AndroidManifest.xml:4:22-78
13    <uses-permission android:name="android.permission.READ_EXTERNAL_STORAGE" />
13-->src\main\AndroidManifest.xml:5:5-80
13-->src\main\AndroidManifest.xml:5:22-77
14    <uses-permission android:name="android.permission.ACCESS_MEDIA_LOCATION" />
14-->src\main\AndroidManifest.xml:6:5-80
14-->src\main\AndroidManifest.xml:6:22-77
15    <uses-permission android:name="android.permission.CAMERA" />
15-->src\main\AndroidManifest.xml:7:5-65
15-->src\main\AndroidManifest.xml:7:22-62
16    <uses-permission android:name="android.permission.VIBRATE" />
16-->src\main\AndroidManifest.xml:8:5-66
16-->src\main\AndroidManifest.xml:8:22-63
17    <uses-permission android:name="android.permission.WAKE_LOCK" />
17-->[:firebase_messaging] AndroidManifest.xml:10:5-68
17-->[:firebase_messaging] AndroidManifest.xml:10:22-65
18    <uses-permission android:name="android.permission.ACCESS_NETWORK_STATE" /> <!-- Permissions options for the `notification` group -->
18-->[:firebase_messaging] AndroidManifest.xml:11:5-79
18-->[:firebase_messaging] AndroidManifest.xml:11:22-76
19    <uses-permission android:name="android.permission.POST_NOTIFICATIONS" />
19-->[:firebase_messaging] AndroidManifest.xml:13:5-77
19-->[:firebase_messaging] AndroidManifest.xml:13:22-74
20
21    <queries>
21-->[:file_picker] AndroidManifest.xml:11:5-17:15
22        <intent>
22-->[:file_picker] AndroidManifest.xml:12:9-16:18
23            <action android:name="android.intent.action.GET_CONTENT" />
23-->[:file_picker] AndroidManifest.xml:13:13-72
23-->[:file_picker] AndroidManifest.xml:13:21-69
24
25            <data android:mimeType="*/*" />
25-->[:file_picker] AndroidManifest.xml:15:13-44
25-->[:file_picker] AndroidManifest.xml:15:19-41
26        </intent>
27    </queries> <!-- Required by older versions of Google Play services to create IID tokens -->
28    <uses-permission android:name="com.google.android.c2dm.permission.RECEIVE" />
28-->[com.google.firebase:firebase-iid:21.1.0] AndroidManifest.xml:26:5-82
28-->[com.google.firebase:firebase-iid:21.1.0] AndroidManifest.xml:26:22-79
29
30    <permission
30-->[androidx.core:core:1.10.1] AndroidManifest.xml:22:5-24:47
31        android:name="com.example.engenglish.DYNAMIC_RECEIVER_NOT_EXPORTED_PERMISSION"
31-->[androidx.core:core:1.10.1] AndroidManifest.xml:23:9-81
32        android:protectionLevel="signature" />
32-->[androidx.core:core:1.10.1] AndroidManifest.xml:24:9-44
33
34    <uses-permission android:name="com.example.engenglish.DYNAMIC_RECEIVER_NOT_EXPORTED_PERMISSION" />
34-->[androidx.core:core:1.10.1] AndroidManifest.xml:26:5-97
34-->[androidx.core:core:1.10.1] AndroidManifest.xml:26:22-94
35
36    <application
37        android:name="android.app.Application"
37-->src\main\AndroidManifest.xml:12:9-42
38        android:appComponentFactory="androidx.core.app.CoreComponentFactory"
38-->[androidx.core:core:1.10.1] AndroidManifest.xml:28:18-86
39        android:debuggable="true"
40        android:extractNativeLibs="false"
41        android:icon="@mipmap/ic_launcher"
41-->src\main\AndroidManifest.xml:13:9-43
42        android:label="ENGEnglish" >
42-->src\main\AndroidManifest.xml:11:9-35
43        <activity
43-->src\main\AndroidManifest.xml:14:9-34:20
44            android:name="com.example.engenglish.MainActivity"
44-->src\main\AndroidManifest.xml:15:13-41
45            android:configChanges="orientation|keyboardHidden|keyboard|screenSize|smallestScreenSize|locale|layoutDirection|fontScale|screenLayout|density|uiMode"
45-->src\main\AndroidManifest.xml:19:13-163
46            android:exported="true"
46-->src\main\AndroidManifest.xml:16:13-36
47            android:hardwareAccelerated="true"
47-->src\main\AndroidManifest.xml:20:13-47
48            android:launchMode="singleTop"
48-->src\main\AndroidManifest.xml:17:13-43
49            android:theme="@style/LaunchTheme"
49-->src\main\AndroidManifest.xml:18:13-47
50            android:windowSoftInputMode="adjustResize" >
50-->src\main\AndroidManifest.xml:21:13-55
51
52            <!--
53                 Specifies an Android theme to apply to this Activity as soon as
54                 the Android process has started. This theme is visible to the user
55                 while the Flutter UI initializes. After that, this theme continues
56                 to determine the Window background behind the Flutter UI.
57            -->
58            <meta-data
58-->src\main\AndroidManifest.xml:26:13-29:17
59                android:name="io.flutter.embedding.android.NormalTheme"
59-->src\main\AndroidManifest.xml:27:15-70
60                android:resource="@style/NormalTheme" />
60-->src\main\AndroidManifest.xml:28:15-52
61
62            <intent-filter>
62-->src\main\AndroidManifest.xml:30:13-33:29
63                <action android:name="android.intent.action.MAIN" />
63-->src\main\AndroidManifest.xml:31:17-68
63-->src\main\AndroidManifest.xml:31:25-66
64
65                <category android:name="android.intent.category.LAUNCHER" />
65-->src\main\AndroidManifest.xml:32:17-76
65-->src\main\AndroidManifest.xml:32:27-74
66            </intent-filter>
67        </activity>
68        <!--
69             Don't delete the meta-data below.
70             This is used by the Flutter tool to generate GeneratedPluginRegistrant.java
71        -->
72        <meta-data
72-->src\main\AndroidManifest.xml:37:9-39:33
73            android:name="flutterEmbedding"
73-->src\main\AndroidManifest.xml:38:13-44
74            android:value="2" />
74-->src\main\AndroidManifest.xml:39:13-30
75
76        <service
76-->[:firebase_auth] AndroidManifest.xml:10:9-14:19
77            android:name="com.google.firebase.components.ComponentDiscoveryService"
77-->[:firebase_auth] AndroidManifest.xml:10:18-89
78            android:directBootAware="true"
78-->[com.google.firebase:firebase-common:20.3.3] AndroidManifest.xml:34:13-43
79            android:exported="false" >
79-->[com.google.firebase:firebase-auth:22.1.2] AndroidManifest.xml:68:13-37
80            <meta-data
80-->[:firebase_auth] AndroidManifest.xml:11:13-13:85
81                android:name="com.google.firebase.components:io.flutter.plugins.firebase.auth.FlutterFirebaseAuthRegistrar"
81-->[:firebase_auth] AndroidManifest.xml:12:17-124
82                android:value="com.google.firebase.components.ComponentRegistrar" />
82-->[:firebase_auth] AndroidManifest.xml:13:17-82
83            <meta-data
83-->[:firebase_messaging] AndroidManifest.xml:38:13-40:85
84                android:name="com.google.firebase.components:io.flutter.plugins.firebase.messaging.FlutterFirebaseAppRegistrar"
84-->[:firebase_messaging] AndroidManifest.xml:39:17-128
85                android:value="com.google.firebase.components.ComponentRegistrar" />
85-->[:firebase_messaging] AndroidManifest.xml:40:17-82
86            <meta-data
86-->[:firebase_core] AndroidManifest.xml:11:13-13:85
87                android:name="com.google.firebase.components:io.flutter.plugins.firebase.core.FlutterFirebaseCoreRegistrar"
87-->[:firebase_core] AndroidManifest.xml:12:17-124
88                android:value="com.google.firebase.components.ComponentRegistrar" />
88-->[:firebase_core] AndroidManifest.xml:13:17-82
89            <meta-data
89-->[com.google.firebase:firebase-auth:22.1.2] AndroidManifest.xml:69:13-71:85
90                android:name="com.google.firebase.components:com.google.firebase.auth.FirebaseAuthRegistrar"
90-->[com.google.firebase:firebase-auth:22.1.2] AndroidManifest.xml:70:17-109
91                android:value="com.google.firebase.components.ComponentRegistrar" />
91-->[com.google.firebase:firebase-auth:22.1.2] AndroidManifest.xml:71:17-82
92            <meta-data
92-->[com.google.firebase:firebase-iid:21.1.0] AndroidManifest.xml:32:13-34:85
93                android:name="com.google.firebase.components:com.google.firebase.iid.Registrar"
93-->[com.google.firebase:firebase-iid:21.1.0] AndroidManifest.xml:33:17-96
94                android:value="com.google.firebase.components.ComponentRegistrar" />
94-->[com.google.firebase:firebase-iid:21.1.0] AndroidManifest.xml:34:17-82
95            <meta-data
95-->[com.google.firebase:firebase-messaging:23.2.1] AndroidManifest.xml:53:13-55:85
96                android:name="com.google.firebase.components:com.google.firebase.messaging.FirebaseMessagingRegistrar"
96-->[com.google.firebase:firebase-messaging:23.2.1] AndroidManifest.xml:54:17-119
97                android:value="com.google.firebase.components.ComponentRegistrar" />
97-->[com.google.firebase:firebase-messaging:23.2.1] AndroidManifest.xml:55:17-82
98            <meta-data
98-->[com.google.firebase:firebase-installations:17.1.4] AndroidManifest.xml:15:13-17:85
99                android:name="com.google.firebase.components:com.google.firebase.installations.FirebaseInstallationsRegistrar"
99-->[com.google.firebase:firebase-installations:17.1.4] AndroidManifest.xml:16:17-127
100                android:value="com.google.firebase.components.ComponentRegistrar" />
100-->[com.google.firebase:firebase-installations:17.1.4] AndroidManifest.xml:17:17-82
101            <meta-data
101-->[com.google.firebase:firebase-datatransport:18.1.7] AndroidManifest.xml:27:13-29:85
102                android:name="com.google.firebase.components:com.google.firebase.datatransport.TransportRegistrar"
102-->[com.google.firebase:firebase-datatransport:18.1.7] AndroidManifest.xml:28:17-115
103                android:value="com.google.firebase.components.ComponentRegistrar" />
103-->[com.google.firebase:firebase-datatransport:18.1.7] AndroidManifest.xml:29:17-82
104        </service>
105        <service
105-->[:firebase_messaging] AndroidManifest.xml:16:9-19:72
106            android:name="io.flutter.plugins.firebase.messaging.FlutterFirebaseMessagingBackgroundService"
106-->[:firebase_messaging] AndroidManifest.xml:17:13-107
107            android:exported="false"
107-->[:firebase_messaging] AndroidManifest.xml:18:13-37
108            android:permission="android.permission.BIND_JOB_SERVICE" />
108-->[:firebase_messaging] AndroidManifest.xml:19:13-69
109        <service
109-->[:firebase_messaging] AndroidManifest.xml:20:9-26:19
110            android:name="io.flutter.plugins.firebase.messaging.FlutterFirebaseMessagingService"
110-->[:firebase_messaging] AndroidManifest.xml:21:13-97
111            android:exported="false" >
111-->[:firebase_messaging] AndroidManifest.xml:22:13-37
112            <intent-filter>
112-->[:firebase_messaging] AndroidManifest.xml:23:13-25:29
113                <action android:name="com.google.firebase.MESSAGING_EVENT" />
113-->[:firebase_messaging] AndroidManifest.xml:24:17-78
113-->[:firebase_messaging] AndroidManifest.xml:24:25-75
114            </intent-filter>
115        </service>
116
117        <receiver
117-->[:firebase_messaging] AndroidManifest.xml:28:9-35:20
118            android:name="io.flutter.plugins.firebase.messaging.FlutterFirebaseMessagingReceiver"
118-->[:firebase_messaging] AndroidManifest.xml:29:13-98
119            android:exported="true"
119-->[:firebase_messaging] AndroidManifest.xml:30:13-36
120            android:permission="com.google.android.c2dm.permission.SEND" >
120-->[:firebase_messaging] AndroidManifest.xml:31:13-73
121            <intent-filter>
121-->[:firebase_messaging] AndroidManifest.xml:32:13-34:29
122                <action android:name="com.google.android.c2dm.intent.RECEIVE" />
122-->[:firebase_messaging] AndroidManifest.xml:33:17-81
122-->[:firebase_messaging] AndroidManifest.xml:33:25-78
123            </intent-filter>
124        </receiver>
125
126        <provider
126-->[:firebase_messaging] AndroidManifest.xml:43:9-47:38
127            android:name="io.flutter.plugins.firebase.messaging.FlutterFirebaseMessagingInitProvider"
127-->[:firebase_messaging] AndroidManifest.xml:44:13-102
128            android:authorities="com.example.engenglish.flutterfirebasemessaginginitprovider"
128-->[:firebase_messaging] AndroidManifest.xml:45:13-88
129            android:exported="false"
129-->[:firebase_messaging] AndroidManifest.xml:46:13-37
130            android:initOrder="99" />
130-->[:firebase_messaging] AndroidManifest.xml:47:13-35
131        <provider
131-->[:image_picker_android] AndroidManifest.xml:10:9-18:20
132            android:name="io.flutter.plugins.imagepicker.ImagePickerFileProvider"
132-->[:image_picker_android] AndroidManifest.xml:11:13-82
133            android:authorities="com.example.engenglish.flutter.image_provider"
133-->[:image_picker_android] AndroidManifest.xml:12:13-74
134            android:exported="false"
134-->[:image_picker_android] AndroidManifest.xml:13:13-37
135            android:grantUriPermissions="true" >
135-->[:image_picker_android] AndroidManifest.xml:14:13-47
136            <meta-data
136-->[:image_picker_android] AndroidManifest.xml:15:13-17:75
137                android:name="android.support.FILE_PROVIDER_PATHS"
137-->[:image_picker_android] AndroidManifest.xml:16:17-67
138                android:resource="@xml/flutter_image_picker_file_paths" />
138-->[:image_picker_android] AndroidManifest.xml:17:17-72
139        </provider>
140
141        <activity
141-->[com.google.firebase:firebase-auth:22.1.2] AndroidManifest.xml:29:9-46:20
142            android:name="com.google.firebase.auth.internal.GenericIdpActivity"
142-->[com.google.firebase:firebase-auth:22.1.2] AndroidManifest.xml:30:13-80
143            android:excludeFromRecents="true"
143-->[com.google.firebase:firebase-auth:22.1.2] AndroidManifest.xml:31:13-46
144            android:exported="true"
144-->[com.google.firebase:firebase-auth:22.1.2] AndroidManifest.xml:32:13-36
145            android:launchMode="singleTask"
145-->[com.google.firebase:firebase-auth:22.1.2] AndroidManifest.xml:33:13-44
146            android:theme="@android:style/Theme.Translucent.NoTitleBar" >
146-->[com.google.firebase:firebase-auth:22.1.2] AndroidManifest.xml:34:13-72
147            <intent-filter>
147-->[com.google.firebase:firebase-auth:22.1.2] AndroidManifest.xml:35:13-45:29
148                <action android:name="android.intent.action.VIEW" />
148-->[com.google.firebase:firebase-auth:22.1.2] AndroidManifest.xml:36:17-69
148-->[com.google.firebase:firebase-auth:22.1.2] AndroidManifest.xml:36:25-66
149
150                <category android:name="android.intent.category.DEFAULT" />
150-->[com.google.firebase:firebase-auth:22.1.2] AndroidManifest.xml:38:17-76
150-->[com.google.firebase:firebase-auth:22.1.2] AndroidManifest.xml:38:27-73
151                <category android:name="android.intent.category.BROWSABLE" />
151-->[com.google.firebase:firebase-auth:22.1.2] AndroidManifest.xml:39:17-78
151-->[com.google.firebase:firebase-auth:22.1.2] AndroidManifest.xml:39:27-75
152
153                <data
153-->[:file_picker] AndroidManifest.xml:15:13-44
154                    android:host="firebase.auth"
155                    android:path="/"
156                    android:scheme="genericidp" />
157            </intent-filter>
158        </activity>
159        <activity
159-->[com.google.firebase:firebase-auth:22.1.2] AndroidManifest.xml:47:9-64:20
160            android:name="com.google.firebase.auth.internal.RecaptchaActivity"
160-->[com.google.firebase:firebase-auth:22.1.2] AndroidManifest.xml:48:13-79
161            android:excludeFromRecents="true"
161-->[com.google.firebase:firebase-auth:22.1.2] AndroidManifest.xml:49:13-46
162            android:exported="true"
162-->[com.google.firebase:firebase-auth:22.1.2] AndroidManifest.xml:50:13-36
163            android:launchMode="singleTask"
163-->[com.google.firebase:firebase-auth:22.1.2] AndroidManifest.xml:51:13-44
164            android:theme="@android:style/Theme.Translucent.NoTitleBar" >
164-->[com.google.firebase:firebase-auth:22.1.2] AndroidManifest.xml:52:13-72
165            <intent-filter>
165-->[com.google.firebase:firebase-auth:22.1.2] AndroidManifest.xml:53:13-63:29
166                <action android:name="android.intent.action.VIEW" />
166-->[com.google.firebase:firebase-auth:22.1.2] AndroidManifest.xml:36:17-69
166-->[com.google.firebase:firebase-auth:22.1.2] AndroidManifest.xml:36:25-66
167
168                <category android:name="android.intent.category.DEFAULT" />
168-->[com.google.firebase:firebase-auth:22.1.2] AndroidManifest.xml:38:17-76
168-->[com.google.firebase:firebase-auth:22.1.2] AndroidManifest.xml:38:27-73
169                <category android:name="android.intent.category.BROWSABLE" />
169-->[com.google.firebase:firebase-auth:22.1.2] AndroidManifest.xml:39:17-78
169-->[com.google.firebase:firebase-auth:22.1.2] AndroidManifest.xml:39:27-75
170
171                <data
171-->[:file_picker] AndroidManifest.xml:15:13-44
172                    android:host="firebase.auth"
173                    android:path="/"
174                    android:scheme="recaptcha" />
175            </intent-filter>
176        </activity>
177        <activity
177-->[com.google.android.gms:play-services-auth:20.7.0] AndroidManifest.xml:23:9-27:75
178            android:name="com.google.android.gms.auth.api.signin.internal.SignInHubActivity"
178-->[com.google.android.gms:play-services-auth:20.7.0] AndroidManifest.xml:24:13-93
179            android:excludeFromRecents="true"
179-->[com.google.android.gms:play-services-auth:20.7.0] AndroidManifest.xml:25:13-46
180            android:exported="false"
180-->[com.google.android.gms:play-services-auth:20.7.0] AndroidManifest.xml:26:13-37
181            android:theme="@android:style/Theme.Translucent.NoTitleBar" />
181-->[com.google.android.gms:play-services-auth:20.7.0] AndroidManifest.xml:27:13-72
182        <!--
183            Service handling Google Sign-In user revocation. For apps that do not integrate with
184            Google Sign-In, this service will never be started.
185        -->
186        <service
186-->[com.google.android.gms:play-services-auth:20.7.0] AndroidManifest.xml:33:9-37:51
187            android:name="com.google.android.gms.auth.api.signin.RevocationBoundService"
187-->[com.google.android.gms:play-services-auth:20.7.0] AndroidManifest.xml:34:13-89
188            android:exported="true"
188-->[com.google.android.gms:play-services-auth:20.7.0] AndroidManifest.xml:35:13-36
189            android:permission="com.google.android.gms.auth.api.signin.permission.REVOCATION_NOTIFICATION"
189-->[com.google.android.gms:play-services-auth:20.7.0] AndroidManifest.xml:36:13-107
190            android:visibleToInstantApps="true" />
190-->[com.google.android.gms:play-services-auth:20.7.0] AndroidManifest.xml:37:13-48
191
192        <receiver
192-->[com.google.firebase:firebase-messaging:23.2.1] AndroidManifest.xml:29:9-36:20
193            android:name="com.google.firebase.iid.FirebaseInstanceIdReceiver"
193-->[com.google.firebase:firebase-messaging:23.2.1] AndroidManifest.xml:30:13-78
194            android:exported="true"
194-->[com.google.firebase:firebase-messaging:23.2.1] AndroidManifest.xml:31:13-36
195            android:permission="com.google.android.c2dm.permission.SEND" >
195-->[com.google.firebase:firebase-messaging:23.2.1] AndroidManifest.xml:32:13-73
196            <intent-filter>
196-->[:firebase_messaging] AndroidManifest.xml:32:13-34:29
197                <action android:name="com.google.android.c2dm.intent.RECEIVE" />
197-->[:firebase_messaging] AndroidManifest.xml:33:17-81
197-->[:firebase_messaging] AndroidManifest.xml:33:25-78
198            </intent-filter>
199        </receiver>
200        <!--
201             FirebaseMessagingService performs security checks at runtime,
202             but set to not exported to explicitly avoid allowing another app to call it.
203        -->
204        <service
204-->[com.google.firebase:firebase-messaging:23.2.1] AndroidManifest.xml:42:9-49:19
205            android:name="com.google.firebase.messaging.FirebaseMessagingService"
205-->[com.google.firebase:firebase-messaging:23.2.1] AndroidManifest.xml:43:13-82
206            android:directBootAware="true"
206-->[com.google.firebase:firebase-messaging:23.2.1] AndroidManifest.xml:44:13-43
207            android:exported="false" >
207-->[com.google.firebase:firebase-messaging:23.2.1] AndroidManifest.xml:45:13-37
208            <intent-filter android:priority="-500" >
208-->[:firebase_messaging] AndroidManifest.xml:23:13-25:29
209                <action android:name="com.google.firebase.MESSAGING_EVENT" />
209-->[:firebase_messaging] AndroidManifest.xml:24:17-78
209-->[:firebase_messaging] AndroidManifest.xml:24:25-75
210            </intent-filter>
211        </service>
212
213        <provider
213-->[com.google.firebase:firebase-common:20.3.3] AndroidManifest.xml:25:9-30:39
214            android:name="com.google.firebase.provider.FirebaseInitProvider"
214-->[com.google.firebase:firebase-common:20.3.3] AndroidManifest.xml:26:13-77
215            android:authorities="com.example.engenglish.firebaseinitprovider"
215-->[com.google.firebase:firebase-common:20.3.3] AndroidManifest.xml:27:13-72
216            android:directBootAware="true"
216-->[com.google.firebase:firebase-common:20.3.3] AndroidManifest.xml:28:13-43
217            android:exported="false"
217-->[com.google.firebase:firebase-common:20.3.3] AndroidManifest.xml:29:13-37
218            android:initOrder="100" />
218-->[com.google.firebase:firebase-common:20.3.3] AndroidManifest.xml:30:13-36
219
220        <activity
220-->[com.google.android.gms:play-services-base:18.0.1] AndroidManifest.xml:20:9-22:45
221            android:name="com.google.android.gms.common.api.GoogleApiActivity"
221-->[com.google.android.gms:play-services-base:18.0.1] AndroidManifest.xml:20:19-85
222            android:exported="false"
222-->[com.google.android.gms:play-services-base:18.0.1] AndroidManifest.xml:22:19-43
223            android:theme="@android:style/Theme.Translucent.NoTitleBar" />
223-->[com.google.android.gms:play-services-base:18.0.1] AndroidManifest.xml:21:19-78
224
225        <meta-data
225-->[com.google.android.gms:play-services-basement:18.2.0] AndroidManifest.xml:21:9-23:69
226            android:name="com.google.android.gms.version"
226-->[com.google.android.gms:play-services-basement:18.2.0] AndroidManifest.xml:22:13-58
227            android:value="@integer/google_play_services_version" />
227-->[com.google.android.gms:play-services-basement:18.2.0] AndroidManifest.xml:23:13-66
228
229        <uses-library
229-->[androidx.window:window:1.0.0-beta04] AndroidManifest.xml:25:9-27:40
230            android:name="androidx.window.extensions"
230-->[androidx.window:window:1.0.0-beta04] AndroidManifest.xml:26:13-54
231            android:required="false" />
231-->[androidx.window:window:1.0.0-beta04] AndroidManifest.xml:27:13-37
232        <uses-library
232-->[androidx.window:window:1.0.0-beta04] AndroidManifest.xml:28:9-30:40
233            android:name="androidx.window.sidecar"
233-->[androidx.window:window:1.0.0-beta04] AndroidManifest.xml:29:13-51
234            android:required="false" />
234-->[androidx.window:window:1.0.0-beta04] AndroidManifest.xml:30:13-37
235
236        <service
236-->[com.google.android.datatransport:transport-backend-cct:3.1.8] AndroidManifest.xml:28:9-34:19
237            android:name="com.google.android.datatransport.runtime.backends.TransportBackendDiscovery"
237-->[com.google.android.datatransport:transport-backend-cct:3.1.8] AndroidManifest.xml:29:13-103
238            android:exported="false" >
238-->[com.google.android.datatransport:transport-backend-cct:3.1.8] AndroidManifest.xml:30:13-37
239            <meta-data
239-->[com.google.android.datatransport:transport-backend-cct:3.1.8] AndroidManifest.xml:31:13-33:39
240                android:name="backend:com.google.android.datatransport.cct.CctBackendFactory"
240-->[com.google.android.datatransport:transport-backend-cct:3.1.8] AndroidManifest.xml:32:17-94
241                android:value="cct" />
241-->[com.google.android.datatransport:transport-backend-cct:3.1.8] AndroidManifest.xml:33:17-36
242        </service>
243        <service
243-->[com.google.android.datatransport:transport-runtime:3.1.8] AndroidManifest.xml:26:9-30:19
244            android:name="com.google.android.datatransport.runtime.scheduling.jobscheduling.JobInfoSchedulerService"
244-->[com.google.android.datatransport:transport-runtime:3.1.8] AndroidManifest.xml:27:13-117
245            android:exported="false"
245-->[com.google.android.datatransport:transport-runtime:3.1.8] AndroidManifest.xml:28:13-37
246            android:permission="android.permission.BIND_JOB_SERVICE" >
246-->[com.google.android.datatransport:transport-runtime:3.1.8] AndroidManifest.xml:29:13-69
247        </service>
248
249        <receiver
249-->[com.google.android.datatransport:transport-runtime:3.1.8] AndroidManifest.xml:32:9-34:40
250            android:name="com.google.android.datatransport.runtime.scheduling.jobscheduling.AlarmManagerSchedulerBroadcastReceiver"
250-->[com.google.android.datatransport:transport-runtime:3.1.8] AndroidManifest.xml:33:13-132
251            android:exported="false" />
251-->[com.google.android.datatransport:transport-runtime:3.1.8] AndroidManifest.xml:34:13-37
252
253        <provider
253-->[androidx.profileinstaller:profileinstaller:1.3.0] AndroidManifest.xml:24:9-32:20
254            android:name="androidx.startup.InitializationProvider"
254-->[androidx.profileinstaller:profileinstaller:1.3.0] AndroidManifest.xml:25:13-67
255            android:authorities="com.example.engenglish.androidx-startup"
255-->[androidx.profileinstaller:profileinstaller:1.3.0] AndroidManifest.xml:26:13-68
256            android:exported="false" >
256-->[androidx.profileinstaller:profileinstaller:1.3.0] AndroidManifest.xml:27:13-37
257            <meta-data
257-->[androidx.profileinstaller:profileinstaller:1.3.0] AndroidManifest.xml:29:13-31:52
258                android:name="androidx.profileinstaller.ProfileInstallerInitializer"
258-->[androidx.profileinstaller:profileinstaller:1.3.0] AndroidManifest.xml:30:17-85
259                android:value="androidx.startup" />
259-->[androidx.profileinstaller:profileinstaller:1.3.0] AndroidManifest.xml:31:17-49
260        </provider>
261
262        <receiver
262-->[androidx.profileinstaller:profileinstaller:1.3.0] AndroidManifest.xml:34:9-52:20
263            android:name="androidx.profileinstaller.ProfileInstallReceiver"
263-->[androidx.profileinstaller:profileinstaller:1.3.0] AndroidManifest.xml:35:13-76
264            android:directBootAware="false"
264-->[androidx.profileinstaller:profileinstaller:1.3.0] AndroidManifest.xml:36:13-44
265            android:enabled="true"
265-->[androidx.profileinstaller:profileinstaller:1.3.0] AndroidManifest.xml:37:13-35
266            android:exported="true"
266-->[androidx.profileinstaller:profileinstaller:1.3.0] AndroidManifest.xml:38:13-36
267            android:permission="android.permission.DUMP" >
267-->[androidx.profileinstaller:profileinstaller:1.3.0] AndroidManifest.xml:39:13-57
268            <intent-filter>
268-->[androidx.profileinstaller:profileinstaller:1.3.0] AndroidManifest.xml:40:13-42:29
269                <action android:name="androidx.profileinstaller.action.INSTALL_PROFILE" />
269-->[androidx.profileinstaller:profileinstaller:1.3.0] AndroidManifest.xml:41:17-91
269-->[androidx.profileinstaller:profileinstaller:1.3.0] AndroidManifest.xml:41:25-88
270            </intent-filter>
271            <intent-filter>
271-->[androidx.profileinstaller:profileinstaller:1.3.0] AndroidManifest.xml:43:13-45:29
272                <action android:name="androidx.profileinstaller.action.SKIP_FILE" />
272-->[androidx.profileinstaller:profileinstaller:1.3.0] AndroidManifest.xml:44:17-85
272-->[androidx.profileinstaller:profileinstaller:1.3.0] AndroidManifest.xml:44:25-82
273            </intent-filter>
274            <intent-filter>
274-->[androidx.profileinstaller:profileinstaller:1.3.0] AndroidManifest.xml:46:13-48:29
275                <action android:name="androidx.profileinstaller.action.SAVE_PROFILE" />
275-->[androidx.profileinstaller:profileinstaller:1.3.0] AndroidManifest.xml:47:17-88
275-->[androidx.profileinstaller:profileinstaller:1.3.0] AndroidManifest.xml:47:25-85
276            </intent-filter>
277            <intent-filter>
277-->[androidx.profileinstaller:profileinstaller:1.3.0] AndroidManifest.xml:49:13-51:29
278                <action android:name="androidx.profileinstaller.action.BENCHMARK_OPERATION" />
278-->[androidx.profileinstaller:profileinstaller:1.3.0] AndroidManifest.xml:50:17-95
278-->[androidx.profileinstaller:profileinstaller:1.3.0] AndroidManifest.xml:50:25-92
279            </intent-filter>
280        </receiver>
281    </application>
282
283</manifest>